<?xml version="1.0" encoding="UTF-8"?>
<!-- Generated by org.testng.reporters.JUnitReportReporter -->
<testsuite skipped="0" hostname="LAPTOP-925SBTQ2" name="com.testcases.TC_55" tests="1" failures="0" timestamp="2022-09-16T21:32:40 IST" time="15.668" errors="0">
  <testcase name="userLogin" time="15.668" classname="com.testcases.TC_55"/>
  <system-out/>
</testsuite> <!-- com.testcases.TC_55 -->
